<?xml version="1.0" encoding="UTF-8"?>
<testsuite xmlns:xsi="http://www.w3.org/2001/XMLSchema-instance" xsi:noNamespaceSchemaLocation="https://maven.apache.org/surefire/maven-surefire-plugin/xsd/surefire-test-report-3.0.xsd" version="3.0" name="com.ludovico.api.ApiApplicationTests" time="1.031" tests="1" errors="0" skipped="0" failures="0">
  <properties>
[...]
</properties>
  <testcase name="contextLoads" classname="com.ludovico.api.ApiApplicationTests" time="0.455">
    <system-out><![CDATA[15:54:31.234 [main] INFO org.springframework.test.context.support.AnnotationConfigContextLoaderUtils -- Could not detect default configuration classes for test class [com.ludovico.api.ApiApplicationTests]: ApiApplicationTests does not declare any static, non-private, non-final, nested classes annotated with @Configuration.
15:54:31.283 [main] INFO org.springframework.boot.test.context.SpringBootTestContextBootstrapper -- Found @SpringBootConfiguration com.ludovico.api.ApiApplication for test class com.ludovico.api.ApiApplicationTests

  .   ____          _            __ _ _
 /\\ / ___'_ __ _ _(_)_ __  __ _ \ \ \ \
( ( )\___ | '_ | '_| | '_ \/ _` | \ \ \ \
 \\/  ___)| |_)| | | | | || (_| |  ) ) ) )
  '  |____| .__|_| |_|_| |_\__, | / / / /
 =========|_|==============|___/=/_/_/_/
 :: Spring Boot ::                (v3.1.1)

2023-07-02T15:54:31.452-06:00  INFO 20047 --- [           main] com.ludovico.api.ApiApplicationTests     : Starting ApiApplicationTests using Java 20.0.1 with PID 20047 (started by toddselwitz in /Users/toddselwitz/code/ludovico/ludovico-api)
2023-07-02T15:54:31.453-06:00  INFO 20047 --- [           main] com.ludovico.api.ApiApplicationTests     : No active profile set, falling back to 1 default profile: "default"
2023-07-02T15:54:31.675-06:00  INFO 20047 --- [           main] com.ludovico.api.ApiApplicationTests     : Started ApiApplicationTests in 0.33 seconds (process running for 0.824)
]]></system-out>
  </testcase>
</testsuite>